<?xml version="1.0" encoding="UTF-8"?>
<!-- Generated by org.testng.reporters.JUnitXMLReporter -->
<testsuite ignored="0" hostname="LAPTOP-IVUNC24E" failures="1" tests="1" name="BankingApp Test" time="23.304" errors="0" timestamp="25 Apr 2021 18:13:26 GMT">
  <testcase classname="com.inetBanking.testCases.TC_Login_001" name="loginTest" time="8.266">
    <failure type="java.lang.AssertionError" message="expected [true] but found [false]">
      <![CDATA[java.lang.AssertionError: expected [true] but found [false]
at com.inetBanking.testCases.TC_Login_001.loginTest(TC_Login_001.java:31)
... Removed 29 stack frames]]>
    </failure>
  </testcase> <!-- loginTest -->
</testsuite> <!-- BankingApp Test -->
